TN:
SF:src/components/Form/Button/index.tsx
FN:14,Button
FNF:1
FNH:1
FNDA:4,Button
DA:15,4
LF:1
LH:1
BRF:0
BRH:0
end_of_record
TN:
SF:src/components/Form/CategorySelectButton/index.tsx
FN:11,CategorySelectButton
FNF:1
FNH:1
FNDA:2,CategorySelectButton
DA:12,2
LF:1
LH:1
BRF:0
BRH:0
end_of_record
TN:
SF:src/components/Form/Input/index.tsx
FN:12,Input
FNF:1
FNH:1
FNDA:5,Input
DA:13,5
LF:1
LH:1
BRDA:12,0,0,4
BRF:1
BRH:1
end_of_record
TN:
SF:src/components/Form/InputForm/index.tsx
FN:16,InputForm
FN:21,(anonymous_1)
FNF:2
FNH:2
FNDA:4,InputForm
FNDA:4,(anonymous_1)
DA:17,4
DA:22,4
LF:2
LH:2
BRDA:26,0,0,4
BRDA:26,0,1,0
BRF:2
BRH:1
end_of_record
TN:
SF:src/components/Form/TransactionTypeButton/index.tsx
FN:19,TransactionTypeButton
FNF:1
FNH:1
FNDA:4,TransactionTypeButton
DA:14,1
DA:25,4
LF:2
LH:2
BRF:0
BRH:0
end_of_record
TN:
SF:src/components/HighlightCard/index.tsx
FN:26,HighlightCard
FNF:1
FNH:0
FNDA:0,HighlightCard
DA:20,0
DA:27,0
LF:2
LH:0
BRF:0
BRH:0
end_of_record
TN:
SF:src/components/HistoryCard/index.tsx
FN:13,HistoryCard
FNF:1
FNH:0
FNDA:0,HistoryCard
DA:14,0
LF:1
LH:0
BRF:0
BRH:0
end_of_record
TN:
SF:src/components/SignInSocialButton/index.tsx
FN:12,SignInSocialButton
FNF:1
FNH:0
FNDA:0,SignInSocialButton
DA:13,0
LF:1
LH:0
BRF:0
BRH:0
end_of_record
TN:
SF:src/components/TransactionCard/index.tsx
FN:29,TransactionCard
FN:30,(anonymous_1)
FNF:2
FNH:0
FNDA:0,TransactionCard
FNDA:0,(anonymous_1)
DA:30,0
DA:32,0
LF:2
LH:0
BRDA:36,0,0,0
BRDA:36,0,1,0
BRF:2
BRH:0
end_of_record
TN:
SF:src/hooks/auth.tsx
FN:43,AuthProvider
FN:49,signInWithGoogle
FN:81,signInWithApple
FN:110,signOut
FN:116,(anonymous_4)
FN:117,getUserFromStorage
FN:145,useAuth
FNF:7
FNH:5
FNDA:7,AuthProvider
FNDA:3,signInWithGoogle
FNDA:0,signInWithApple
FNDA:0,signOut
FNDA:3,(anonymous_4)
FNDA:3,getUserFromStorage
FNDA:9,useAuth
DA:12,2
DA:13,2
DA:41,2
DA:44,7
DA:45,7
DA:47,7
DA:50,3
DA:51,3
DA:52,3
DA:54,3
DA:56,3
DA:60,2
DA:61,1
DA:64,1
DA:66,1
DA:73,1
DA:74,1
DA:77,1
DA:82,0
DA:83,0
DA:90,0
DA:91,0
DA:99,0
DA:100,0
DA:106,0
DA:111,0
DA:113,0
DA:116,7
DA:118,3
DA:120,3
DA:121,0
DA:123,0
DA:126,3
DA:127,3
DA:130,7
DA:146,9
DA:147,9
LF:37
LH:26
BRDA:60,0,0,1
BRDA:60,0,1,1
BRDA:90,1,0,0
BRDA:90,1,1,0
BRDA:120,2,0,0
BRDA:120,2,1,3
BRF:6
BRH:3
end_of_record
TN:
SF:src/routes/app.routes.tsx
FN:23,AppRoutes
FN:41,(anonymous_1)
FN:54,(anonymous_2)
FN:63,(anonymous_3)
FNF:4
FNH:0
FNDA:0,AppRoutes
FNDA:0,(anonymous_1)
FNDA:0,(anonymous_2)
FNDA:0,(anonymous_3)
DA:11,0
DA:24,0
DA:42,0
DA:55,0
DA:64,0
LF:5
LH:0
BRDA:32,0,0,0
BRDA:32,0,1,0
BRF:2
BRH:0
end_of_record
TN:
SF:src/routes/auth.routes.tsx
FN:8,AuthRoutes
FNF:1
FNH:0
FNDA:0,AuthRoutes
DA:6,0
DA:9,0
LF:2
LH:0
BRF:0
BRH:0
end_of_record
TN:
SF:src/routes/index.tsx
FN:8,Routes
FNF:1
FNH:0
FNDA:0,Routes
DA:9,0
DA:11,0
LF:2
LH:0
BRDA:13,0,0,0
BRDA:13,0,1,0
BRF:2
BRH:0
end_of_record
TN:
SF:src/screens/CategorySelect/index.tsx
FN:28,CategorySelect
FN:33,handleCategorySelect
FN:46,(anonymous_2)
FN:47,(anonymous_3)
FN:48,(anonymous_4)
FN:50,(anonymous_5)
FNF:6
FNH:4
FNDA:2,CategorySelect
FNDA:0,handleCategorySelect
FNDA:12,(anonymous_2)
FNDA:10,(anonymous_3)
FNDA:12,(anonymous_4)
FNDA:0,(anonymous_5)
DA:34,0
DA:37,2
DA:46,12
DA:47,10
DA:49,12
DA:50,0
LF:6
LH:4
BRF:0
BRH:0
end_of_record
TN:
SF:src/screens/Dashboard/index.tsx
FN:46,Dashboard
FN:56,getLastTransactionDate
FN:64,(anonymous_2)
FN:65,(anonymous_3)
FN:75,loadTransactions
FN:84,(anonymous_5)
FN:162,(anonymous_6)
FN:167,(anonymous_7)
FN:172,(anonymous_8)
FN:224,(anonymous_9)
FN:225,(anonymous_10)
FNF:11
FNH:0
FNDA:0,Dashboard
FNDA:0,getLastTransactionDate
FNDA:0,(anonymous_2)
FNDA:0,(anonymous_3)
FNDA:0,loadTransactions
FNDA:0,(anonymous_5)
FNDA:0,(anonymous_6)
FNDA:0,(anonymous_7)
FNDA:0,(anonymous_8)
FNDA:0,(anonymous_9)
FNDA:0,(anonymous_10)
DA:47,0
DA:48,0
DA:49,0
DA:53,0
DA:54,0
DA:60,0
DA:64,0
DA:65,0
DA:69,0
DA:76,0
DA:77,0
DA:78,0
DA:80,0
DA:81,0
DA:83,0
DA:85,0
DA:86,0
DA:88,0
DA:91,0
DA:96,0
DA:102,0
DA:113,0
DA:115,0
DA:120,0
DA:125,0
DA:127,0
DA:129,0
DA:162,0
DA:163,0
DA:167,0
DA:168,0
DA:171,0
DA:173,0
DA:177,0
DA:224,0
DA:225,0
LF:36
LH:0
BRDA:78,0,0,0
BRDA:78,0,1,0
BRDA:85,1,0,0
BRDA:85,1,1,0
BRDA:136,2,0,0
BRDA:136,2,1,0
BRDA:146,3,0,0
BRDA:146,3,1,0
BRDA:156,4,0,0
BRDA:156,4,1,0
BRDA:179,5,0,0
BRDA:179,5,1,0
BRF:12
BRH:0
end_of_record
TN:
SF:src/screens/Profile/index.tsx
FN:4,Profile
FN:21,(anonymous_1)
FNF:2
FNH:1
FNDA:3,Profile
FNDA:0,(anonymous_1)
DA:5,3
LF:1
LH:1
BRF:0
BRH:0
end_of_record
TN:
SF:src/screens/Register/index.tsx
FN:47,Register
FN:67,handleTransactionsTypeSelect
FN:71,handleOpenModalSelectCategory
FN:75,handleCloseModalSelectCategory
FN:79,handleRegister
FN:150,(anonymous_5)
FN:156,(anonymous_6)
FNF:7
FNH:2
FNDA:2,Register
FNDA:0,handleTransactionsTypeSelect
FNDA:1,handleOpenModalSelectCategory
FNDA:0,handleCloseModalSelectCategory
FNDA:0,handleRegister
FNDA:0,(anonymous_5)
FNDA:0,(anonymous_6)
DA:37,1
DA:48,2
DA:49,2
DA:51,2
DA:53,2
DA:55,2
DA:65,2
DA:68,0
DA:72,1
DA:76,0
DA:80,0
DA:81,0
DA:84,0
DA:85,0
DA:88,0
DA:97,0
DA:98,0
DA:100,0
DA:101,0
DA:103,0
DA:105,0
DA:107,0
DA:108,0
DA:109,0
DA:114,0
DA:116,0
DA:117,0
DA:121,2
DA:150,0
DA:156,0
LF:30
LH:9
BRDA:80,0,0,0
BRDA:80,0,1,0
BRDA:84,1,0,0
BRDA:84,1,1,0
BRDA:101,2,0,0
BRDA:101,2,1,0
BRDA:136,3,0,2
BRDA:136,3,1,0
BRDA:143,4,0,2
BRDA:143,4,1,0
BRF:10
BRH:2
end_of_record
TN:
SF:src/screens/Resume/index.tsx
FN:44,Resume
FN:55,handleDateChange
FN:63,loadData
FN:73,(anonymous_3)
FN:80,(anonymous_4)
FN:88,(anonymous_5)
FN:91,(anonymous_6)
FN:123,(anonymous_7)
FN:147,(anonymous_8)
FN:155,(anonymous_9)
FN:165,(anonymous_10)
FN:176,(anonymous_11)
FNF:12
FNH:0
FNDA:0,Resume
FNDA:0,handleDateChange
FNDA:0,loadData
FNDA:0,(anonymous_3)
FNDA:0,(anonymous_4)
FNDA:0,(anonymous_5)
FNDA:0,(anonymous_6)
FNDA:0,(anonymous_7)
FNDA:0,(anonymous_8)
FNDA:0,(anonymous_9)
FNDA:0,(anonymous_10)
FNDA:0,(anonymous_11)
DA:45,0
DA:46,0
DA:47,0
DA:51,0
DA:53,0
DA:56,0
DA:57,0
DA:59,0
DA:64,0
DA:65,0
DA:67,0
DA:68,0
DA:72,0
DA:74,0
DA:79,0
DA:81,0
DA:86,0
DA:88,0
DA:89,0
DA:91,0
DA:92,0
DA:93,0
DA:97,0
DA:98,0
DA:103,0
DA:107,0
DA:118,0
DA:119,0
DA:122,0
DA:124,0
DA:128,0
DA:147,0
DA:155,0
DA:165,0
DA:177,0
LF:35
LH:0
BRDA:56,0,0,0
BRDA:56,0,1,0
BRDA:68,1,0,0
BRDA:68,1,1,0
BRDA:74,2,0,0
BRDA:74,2,1,0
BRDA:74,2,2,0
BRDA:92,3,0,0
BRDA:92,3,1,0
BRDA:97,4,0,0
BRDA:97,4,1,0
BRDA:133,5,0,0
BRDA:133,5,1,0
BRF:13
BRH:0
end_of_record
TN:
SF:src/screens/SignIn/index.tsx
FN:18,SignIn
FN:24,handleSignInWithGoogle
FN:36,handleSignInWithApple
FNF:3
FNH:0
FNDA:0,SignIn
FNDA:0,handleSignInWithGoogle
FNDA:0,handleSignInWithApple
DA:19,0
DA:21,0
DA:22,0
DA:25,0
DA:26,0
DA:28,0
DA:30,0
DA:31,0
DA:32,0
DA:37,0
DA:38,0
DA:40,0
DA:42,0
DA:43,0
DA:44,0
DA:48,0
LF:16
LH:0
BRDA:69,0,0,0
BRDA:69,0,1,0
BRDA:78,1,0,0
BRDA:78,1,1,0
BRF:4
BRH:0
end_of_record
